;;; 
Export: Release 12.2.0.1.0 - Production on Wed Jan 17 16:54:35 2018

Copyright (c) 1982, 2017, Oracle and/or its affiliates.  All rights reserved.
;;; 
Connected to: Oracle Database 12c Enterprise Edition Release 12.2.0.1.0 - 64bit Production
Starting "PAVEL5"."SYS_EXPORT_SCHEMA_01":  pavel5/********@pamatest schemas=pavel5 directory=dp_exp_dir CONTENT=metadata_only dumpfile=Expdp_pavel5_Majer.dmp logfile=Expdp_pavel5_Majer.log 
Processing object type SCHEMA_EXPORT/TABLE/INDEX/STATISTICS/INDEX_STATISTICS
Processing object type SCHEMA_EXPORT/TABLE/STATISTICS/TABLE_STATISTICS
Processing object type SCHEMA_EXPORT/STATISTICS/MARKER
Processing object type SCHEMA_EXPORT/PRE_SCHEMA/PROCACT_SCHEMA
Processing object type SCHEMA_EXPORT/SYNONYM/SYNONYM
Processing object type SCHEMA_EXPORT/SEQUENCE/SEQUENCE
Processing object type SCHEMA_EXPORT/TABLE/TABLE
Processing object type SCHEMA_EXPORT/TABLE/COMMENT
Processing object type SCHEMA_EXPORT/VIEW/VIEW
Processing object type SCHEMA_EXPORT/TABLE/INDEX/INDEX
Processing object type SCHEMA_EXPORT/TABLE/CONSTRAINT/CONSTRAINT
Processing object type SCHEMA_EXPORT/TABLE/TRIGGER
Master table "PAVEL5"."SYS_EXPORT_SCHEMA_01" successfully loaded/unloaded
******************************************************************************
Dump file set for PAVEL5.SYS_EXPORT_SCHEMA_01 is:
  C:\USERS\PAVELMA\ORA\EXPDP_PAVEL5_MAJER.DMP
Job "PAVEL5"."SYS_EXPORT_SCHEMA_01" successfully completed at Wed Jan 17 16:55:44 2018 elapsed 0 00:01:03
